<?xml version="1.0" encoding="UTF-8"?>
<!-- Generated by org.testng.reporters.JUnitReportReporter -->
<testsuite skipped="0" hostname="GST-Vikram" name="com.crm.qa.testcases.LoginPageTest" tests="3" failures="0" timestamp="24 Oct 2018 11:38:55 GMT" time="40.376" errors="0">
  <testcase name="validateLoginPage" time="12.458" classname="com.crm.qa.testcases.LoginPageTest"/>
  <testcase name="logotest" time="13.495" classname="com.crm.qa.testcases.LoginPageTest"/>
  <testcase name="LoginTest" time="14.423" classname="com.crm.qa.testcases.LoginPageTest"/>
</testsuite> <!-- com.crm.qa.testcases.LoginPageTest -->
